<?xml version="1.0" encoding="UTF-8"?>
<!-- Generated by org.testng.reporters.JUnitReportReporter -->
<testsuite hostname="DESKTOP-QPJPMJQ" failures="0" tests="1" name="gitIntegration.HTMLDropDowns" time="5.979" errors="0" timestamp="2022-04-04T13:49:36 IST" skipped="0">
  <testcase classname="gitIntegration.HTMLDropDowns" name="fileUpload" time="5.979"/>
  <system-out/>
</testsuite> <!-- gitIntegration.HTMLDropDowns -->
