<?xml version="1.0" encoding="UTF-8"?>
<!-- Generated by org.testng.reporters.JUnitReportReporter -->
<testsuite hostname="DESKTOP-QPJPMJQ" failures="0" tests="1" name="gitIntegration.XpathLocator" time="0.708" errors="0" timestamp="2022-04-01T16:48:09 IST" skipped="0">
  <testcase classname="gitIntegration.XpathLocator" name="xpathApprach" time="0.708"/>
  <system-out/>
</testsuite> <!-- gitIntegration.XpathLocator -->
