<?xml version="1.0" encoding="UTF-8"?>
<!-- Generated by org.testng.reporters.JUnitReportReporter -->
<testsuite hostname="DESKTOP-QPJPMJQ" failures="0" tests="1" name="gitIntegration.UploadFiles" time="15.897" errors="0" timestamp="2022-04-01T19:02:00 IST" skipped="0">
  <testcase classname="gitIntegration.UploadFiles" name="fileUpload" time="15.897"/>
  <system-out/>
</testsuite> <!-- gitIntegration.UploadFiles -->
