<?xml version="1.0" encoding="UTF-8"?>
<!-- Generated by org.testng.reporters.JUnitReportReporter -->
<testsuite hostname="DESKTOP-QPJPMJQ" failures="0" tests="1" name="gitIntegration.Lovators" time="19.318" errors="0" timestamp="2022-03-30T15:08:44 IST" skipped="0">
  <testcase classname="gitIntegration.Lovators" name="locatorTesting" time="19.318"/>
  <system-out/>
</testsuite> <!-- gitIntegration.Lovators -->
