<?xml version="1.0" encoding="UTF-8"?>
<!-- Generated by org.testng.reporters.JUnitReportReporter -->
<testsuite hostname="DESKTOP-QPJPMJQ" failures="0" tests="1" name="gitIntegration.FramesDemo" time="32.701" errors="0" timestamp="2022-04-04T17:57:32 IST" skipped="0">
  <testcase classname="gitIntegration.FramesDemo" name="fileUpload" time="32.701"/>
  <system-out/>
</testsuite> <!-- gitIntegration.FramesDemo -->
