<?xml version="1.0" encoding="UTF-8"?>
<!-- Generated by org.testng.reporters.JUnitReportReporter -->
<testsuite hostname="DESKTOP-QPJPMJQ" failures="0" tests="1" name="gitIntegration.HandleCookies" time="7.694" errors="0" timestamp="2022-04-02T14:43:01 IST" skipped="0">
  <testcase classname="gitIntegration.HandleCookies" name="coockiesHandling" time="7.694"/>
  <system-out/>
</testsuite> <!-- gitIntegration.HandleCookies -->
